<?xml version="1.0" encoding="UTF-8"?>
<!-- Generated by org.testng.reporters.JUnitReportReporter -->
<testsuite skipped="0" hostname="PC251" name="NewTest" tests="2" failures="0" timestamp="25 jul 2018 12:34:06 GMT" time="97.512" errors="0">
  <testcase name="Test1" time="61.894" classname="NewTest"/>
  <testcase name="Test2" time="35.618" classname="NewTest"/>
</testsuite> <!-- NewTest -->
