<?xml version="1.0" encoding="UTF-8"?>
<!-- Generated by org.testng.reporters.JUnitReportReporter -->
<testsuite skipped="0" hostname="PC251" name="NewTest" tests="2" failures="0" timestamp="24 jul 2018 09:19:53 GMT" time="94.132" errors="0">
  <testcase name="Launching" time="94.130" classname="NewTest"/>
  <testcase name="OpenedSession" time="0.002" classname="NewTest"/>
</testsuite> <!-- NewTest -->
