<?xml version="1.0" encoding="UTF-8"?>
<!-- Generated by org.testng.reporters.JUnitReportReporter -->
<testsuite skipped="0" hostname="PC251" name="NewTest" tests="3" failures="0" timestamp="24 jul 2018 11:16:18 GMT" time="220.591" errors="0">
  <testcase name="UninstallApp" time="0.016" classname="NewTest"/>
  <testcase name="Launching" time="166.065" classname="NewTest"/>
  <testcase name="OpenedSession" time="54.510" classname="NewTest"/>
</testsuite> <!-- NewTest -->
